<?xml version="1.0" encoding="UTF-8"?>
<testsuite xmlns:xsi="http://www.w3.org/2001/XMLSchema-instance" xsi:noNamespaceSchemaLocation="https://maven.apache.org/surefire/maven-surefire-plugin/xsd/surefire-test-report.xsd" name="TestSuite" time="1.374" tests="8" errors="0" skipped="0" failures="0">
  <properties>
    <property name="java.specification.version" value="21"/>
    <property name="sun.cpu.isalist" value="amd64"/>
    <property name="sun.jnu.encoding" value="Cp1252"/>
    <property name="java.class.path" value="C:\Users\andre\Desktop\AUTOMATIZACIÓN DE PRUEBAS\Módulo 3\taskmanager\target\test-classes;C:\Users\andre\Desktop\AUTOMATIZACIÓN DE PRUEBAS\Módulo 3\taskmanager\target\classes;C:\Users\andre\.m2\repository\org\testng\testng\7.9.0\testng-7.9.0.jar;C:\Users\andre\.m2\repository\org\slf4j\slf4j-api\1.7.36\slf4j-api-1.7.36.jar;C:\Users\andre\.m2\repository\com\beust\jcommander\1.82\jcommander-1.82.jar;C:\Users\andre\.m2\repository\org\webjars\jquery\3.7.1\jquery-3.7.1.jar;"/>
    <property name="java.vm.vendor" value="Oracle Corporation"/>
    <property name="sun.arch.data.model" value="64"/>
    <property name="user.variant" value=""/>
    <property name="java.vendor.url" value="https://java.oracle.com/"/>
    <property name="user.timezone" value="America/Santiago"/>
    <property name="os.name" value="Windows 10"/>
    <property name="java.vm.specification.version" value="21"/>
    <property name="sun.java.launcher" value="SUN_STANDARD"/>
    <property name="user.country" value="CL"/>
    <property name="sun.boot.library.path" value="C:\Program Files\Java\jdk-21\bin"/>
    <property name="sun.java.command" value="C:\Users\andre\AppData\Local\Temp\surefire18038361870287887819\surefirebooter13194763971634150691.jar C:\Users\andre\AppData\Local\Temp\surefire18038361870287887819 2025-07-15T12-25-17_364-jvmRun1 surefire12843064985166992631tmp surefire_016689336594170714392tmp"/>
    <property name="jdk.debug" value="release"/>
    <property name="surefire.test.class.path" value="C:\Users\andre\Desktop\AUTOMATIZACIÓN DE PRUEBAS\Módulo 3\taskmanager\target\test-classes;C:\Users\andre\Desktop\AUTOMATIZACIÓN DE PRUEBAS\Módulo 3\taskmanager\target\classes;C:\Users\andre\.m2\repository\org\testng\testng\7.9.0\testng-7.9.0.jar;C:\Users\andre\.m2\repository\org\slf4j\slf4j-api\1.7.36\slf4j-api-1.7.36.jar;C:\Users\andre\.m2\repository\com\beust\jcommander\1.82\jcommander-1.82.jar;C:\Users\andre\.m2\repository\org\webjars\jquery\3.7.1\jquery-3.7.1.jar;"/>
    <property name="sun.cpu.endian" value="little"/>
    <property name="user.home" value="C:\Users\andre"/>
    <property name="user.language" value="es"/>
    <property name="java.specification.vendor" value="Oracle Corporation"/>
    <property name="java.version.date" value="2024-01-16"/>
    <property name="java.home" value="C:\Program Files\Java\jdk-21"/>
    <property name="file.separator" value="\"/>
    <property name="basedir" value="C:\Users\andre\Desktop\AUTOMATIZACIÓN DE PRUEBAS\Módulo 3\taskmanager"/>
    <property name="java.vm.compressedOopsMode" value="32-bit"/>
    <property name="line.separator" value="&#10;"/>
    <property name="java.vm.specification.vendor" value="Oracle Corporation"/>
    <property name="java.specification.name" value="Java Platform API Specification"/>
    <property name="surefire.real.class.path" value="C:\Users\andre\AppData\Local\Temp\surefire18038361870287887819\surefirebooter13194763971634150691.jar"/>
    <property name="user.script" value=""/>
    <property name="sun.management.compiler" value="HotSpot 64-Bit Tiered Compilers"/>
    <property name="java.runtime.version" value="21.0.2+13-LTS-58"/>
    <property name="user.name" value="andre"/>
    <property name="stdout.encoding" value="Cp1252"/>
    <property name="path.separator" value=";"/>
    <property name="os.version" value="10.0"/>
    <property name="java.runtime.name" value="Java(TM) SE Runtime Environment"/>
    <property name="file.encoding" value="UTF-8"/>
    <property name="java.vm.name" value="Java HotSpot(TM) 64-Bit Server VM"/>
    <property name="localRepository" value="C:\Users\andre\.m2\repository"/>
    <property name="java.vendor.url.bug" value="https://bugreport.java.com/bugreport/"/>
    <property name="java.io.tmpdir" value="C:\Users\andre\AppData\Local\Temp\"/>
    <property name="java.version" value="21.0.2"/>
    <property name="user.dir" value="C:\Users\andre\Desktop\AUTOMATIZACIÓN DE PRUEBAS\Módulo 3\taskmanager"/>
    <property name="os.arch" value="amd64"/>
    <property name="java.vm.specification.name" value="Java Virtual Machine Specification"/>
    <property name="sun.os.patch.level" value=""/>
    <property name="native.encoding" value="Cp1252"/>
    <property name="java.library.path" value="C:\Program Files\Java\jdk-21\bin;C:\WINDOWS\Sun\Java\bin;C:\WINDOWS\system32;C:\WINDOWS;C:\Program Files\Common Files\Oracle\Java\javapath;C:\WINDOWS\system32;C:\WINDOWS;C:\WINDOWS\System32\Wbem;C:\WINDOWS\System32\WindowsPowerShell\v1.0\;C:\WINDOWS\System32\OpenSSH\;C:\Program Files\Git\cmd;C:\ProgramData\chocolatey\bin;C:\Program Files\Azure Data Studio\bin;C:\Program Files\dotnet\;D:\NODE\;C:\Program Files\Apache\Maven\apache-maven-3.9.9\bin;C:\Program Files\PostgreSQL\17\bin;C:\Program Files\ffmpeg-master-latest-win64-gpl-shared\bin;C:\Program Files\MySQL\MySQL Shell 8.0\bin\;D:\PYTHON\Scripts\;D:\PYTHON\;C:\Users\andre\.console-ninja\.bin;C:\Users\andre\.console-ninja\.bin;C:\Users\andre\AppData\Local\Microsoft\WindowsApps;C:\Users\andre\AppData\Local\Programs\Microsoft VS Code\bin;C:\Program Files\Azure Data Studio\bin;C:\Program Files\JetBrains\IntelliJ IDEA Community Edition 2023.3.4\bin;;C:\Program Files\JetBrains\IntelliJ IDEA 2024.2.0.2\bin;;C:\Users\andre\AppData\Roaming\npm;C:\Users\andre\AppData\Local\Programs\Azure Data Studio\bin;C:\Program Files\Apache\Maven\apache-maven-3.9.9\bin;;c:\Users\andre\AppData\Roaming\Code\User\globalStorage\github.copilot-chat\debugCommand;."/>
    <property name="java.vm.info" value="mixed mode, sharing"/>
    <property name="stderr.encoding" value="Cp1252"/>
    <property name="java.vendor" value="Oracle Corporation"/>
    <property name="java.vm.version" value="21.0.2+13-LTS-58"/>
    <property name="sun.io.unicode.encoding" value="UnicodeLittle"/>
    <property name="java.class.version" value="65.0"/>
  </properties>
  <testcase name="testAddTask" classname="cl.kibernumacademy.taskmanager.services.TaskManagerTest" time="0.018"/>
  <testcase name="testAddTask" classname="cl.kibernumacademy.taskmanager.services.TaskManagerTest" time="0.02"/>
  <testcase name="testChangeStatus_Failed" classname="cl.kibernumacademy.taskmanager.services.TaskManagerTest" time="0"/>
  <testcase name="testChangeStatus_Failed" classname="cl.kibernumacademy.taskmanager.services.TaskManagerTest" time="0"/>
  <testcase name="testChangeStatus_Successful" classname="cl.kibernumacademy.taskmanager.services.TaskManagerTest" time="0.002"/>
  <testcase name="testChangeStatus_Successful" classname="cl.kibernumacademy.taskmanager.services.TaskManagerTest" time="0.002"/>
  <testcase name="testFilterByStatus" classname="cl.kibernumacademy.taskmanager.services.TaskManagerTest" time="0.026"/>
  <testcase name="testFilterByStatus" classname="cl.kibernumacademy.taskmanager.services.TaskManagerTest" time="0.028"/>
</testsuite>