<?xml version="1.0" encoding="UTF-8"?>
<!-- Generated by org.testng.reporters.JUnitReportReporter -->
<testsuite hostname="LAPTOP-A509SO4O" failures="0" tests="8" name="cl.kibernumacademy.taskmanager.services.TaskManagerTest" time="0.086" errors="0" timestamp="2025-07-15T12:25:19 CLT" skipped="0">
  <testcase classname="cl.kibernumacademy.taskmanager.services.TaskManagerTest" name="testChangeStatus_Failed" time="0.003"/>
  <testcase classname="cl.kibernumacademy.taskmanager.services.TaskManagerTest" name="testChangeStatus_Successful" time="0.003"/>
  <testcase classname="cl.kibernumacademy.taskmanager.services.TaskManagerTest" name="testChangeStatus_Failed" time="0.002"/>
  <testcase classname="cl.kibernumacademy.taskmanager.services.TaskManagerTest" name="testFilterByStatus" time="0.027"/>
  <testcase classname="cl.kibernumacademy.taskmanager.services.TaskManagerTest" name="testAddTask" time="0.011"/>
  <testcase classname="cl.kibernumacademy.taskmanager.services.TaskManagerTest" name="testChangeStatus_Successful" time="0.002"/>
  <testcase classname="cl.kibernumacademy.taskmanager.services.TaskManagerTest" name="testAddTask" time="0.011"/>
  <testcase classname="cl.kibernumacademy.taskmanager.services.TaskManagerTest" name="testFilterByStatus" time="0.027"/>
</testsuite> <!-- cl.kibernumacademy.taskmanager.services.TaskManagerTest -->
